TN:
SF:index.js
FN:29,connectDB
FN:40,(anonymous_1)
FN:64,stopDB
FN:77,(anonymous_3)
FN:80,(anonymous_4)
FN:118,(anonymous_5)
FN:135,(anonymous_6)
FNF:7
FNH:1
FNDA:5,connectDB
FNDA:0,(anonymous_1)
FNDA:0,stopDB
FNDA:0,(anonymous_3)
FNDA:0,(anonymous_4)
FNDA:0,(anonymous_5)
FNDA:0,(anonymous_6)
DA:2,5
DA:3,5
DA:7,5
DA:8,5
DA:9,5
DA:10,5
DA:13,5
DA:16,5
DA:17,5
DA:21,5
DA:22,5
DA:24,5
DA:25,5
DA:27,5
DA:31,5
DA:32,0
DA:34,0
DA:35,0
DA:36,0
DA:37,0
DA:38,0
DA:40,0
DA:41,0
DA:42,0
DA:47,0
DA:49,0
DA:52,0
DA:53,0
DA:56,5
DA:57,5
DA:58,5
DA:60,0
DA:65,0
DA:66,0
DA:68,0
DA:69,0
DA:74,5
DA:77,5
DA:80,5
DA:82,0
DA:83,0
DA:84,0
DA:85,0
DA:89,5
DA:90,5
DA:93,5
DA:94,5
DA:97,5
DA:98,5
DA:101,5
DA:102,5
DA:103,5
DA:105,0
DA:109,5
DA:110,5
DA:111,5
DA:117,5
DA:118,5
DA:119,0
DA:120,0
DA:121,0
DA:122,0
DA:124,0
DA:125,0
DA:127,0
DA:128,0
DA:133,5
DA:134,5
DA:135,5
DA:136,0
LF:70
LH:38
BRDA:24,0,0,5
BRDA:24,0,1,5
BRDA:25,1,0,5
BRDA:25,1,1,0
BRDA:31,2,0,0
BRDA:31,2,1,5
BRDA:37,3,0,0
BRDA:37,3,1,0
BRDA:42,4,0,0
BRDA:42,4,1,0
BRDA:57,5,0,5
BRDA:57,5,1,0
BRDA:60,6,0,0
BRDA:60,6,1,0
BRDA:69,7,0,0
BRDA:69,7,1,0
BRDA:82,8,0,0
BRDA:82,8,1,0
BRDA:122,9,0,0
BRDA:122,9,1,0
BRF:20
BRH:5
end_of_record
TN:
SF:middleware/auth.js
FN:4,(anonymous_0)
FNF:1
FNH:1
FNDA:8,(anonymous_0)
DA:1,5
DA:2,5
DA:4,5
DA:5,8
DA:8,8
DA:9,8
DA:10,8
DA:11,8
DA:13,8
DA:14,8
DA:15,8
DA:16,8
DA:18,0
DA:19,0
LF:14
LH:12
BRDA:2,0,0,5
BRDA:2,0,1,0
BRDA:8,1,0,0
BRDA:8,1,1,8
BRDA:8,2,0,8
BRDA:8,2,1,8
BRDA:14,3,0,8
BRDA:14,3,1,0
BRDA:15,4,0,8
BRDA:15,4,1,0
BRDA:18,5,0,0
BRDA:18,5,1,0
BRF:12
BRH:6
end_of_record
TN:
SF:middleware/requireRole.js
FN:3,requireRole
FN:4,(anonymous_1)
FNF:2
FNH:2
FNDA:41,requireRole
FNDA:7,(anonymous_1)
DA:1,5
DA:3,5
DA:4,41
DA:5,7
DA:6,7
DA:7,7
DA:8,7
DA:9,7
DA:11,6
DA:12,0
DA:14,0
DA:15,0
DA:16,0
DA:17,0
DA:19,0
DA:24,0
DA:25,0
DA:26,0
DA:27,0
DA:29,0
DA:33,6
DA:34,6
DA:35,6
DA:36,6
DA:38,0
DA:39,0
LF:26
LH:13
BRDA:6,0,0,0
BRDA:6,0,1,7
BRDA:6,1,0,7
BRDA:6,1,1,7
BRDA:9,2,0,1
BRDA:9,2,1,6
BRDA:11,3,0,0
BRDA:11,3,1,6
BRDA:12,4,0,0
BRDA:12,4,1,0
BRDA:12,5,0,0
BRDA:12,5,1,0
BRDA:12,5,2,0
BRDA:19,6,0,0
BRDA:19,6,1,0
BRDA:29,7,0,0
BRDA:29,7,1,0
BRDA:33,8,0,0
BRDA:33,8,1,6
BRF:19
BRH:7
end_of_record
TN:
SF:models/Doctor.js
FN:5,(anonymous_0)
FN:24,(anonymous_1)
FNF:2
FNH:2
FNDA:2,(anonymous_0)
FNDA:3,(anonymous_1)
DA:1,5
DA:3,5
DA:5,2
DA:22,5
DA:24,3
DA:42,5
DA:44,5
LF:7
LH:7
BRF:0
BRH:0
end_of_record
TN:
SF:models/RefreshToken.js
FNF:0
FNH:0
DA:1,5
DA:3,5
DA:12,5
DA:13,5
DA:14,5
DA:16,5
LF:6
LH:6
BRF:0
BRH:0
end_of_record
TN:
SF:models/Student.js
FN:4,(anonymous_0)
FNF:1
FNH:1
FNDA:7,(anonymous_0)
DA:1,5
DA:3,5
DA:4,7
DA:27,5
DA:29,5
LF:5
LH:5
BRF:0
BRH:0
end_of_record
TN:
SF:models/User.js
FN:5,(anonymous_0)
FNF:1
FNH:1
FNDA:7,(anonymous_0)
DA:1,5
DA:3,5
DA:5,7
DA:23,5
DA:24,5
DA:26,5
LF:6
LH:6
BRF:0
BRH:0
end_of_record
TN:
SF:routes/admin.js
FN:13,(anonymous_0)
FN:28,(anonymous_1)
FN:34,(anonymous_2)
FN:38,(anonymous_3)
FNF:4
FNH:3
FNDA:4,(anonymous_0)
FNDA:1,(anonymous_1)
FNDA:0,(anonymous_2)
FNDA:2,(anonymous_3)
DA:1,5
DA:2,5
DA:3,5
DA:4,5
DA:5,5
DA:6,5
DA:7,5
DA:8,5
DA:9,5
DA:13,5
DA:17,4
DA:18,4
DA:19,4
DA:21,4
DA:23,3
DA:25,2
DA:26,2
DA:28,1
DA:29,1
DA:30,1
DA:34,0
DA:35,0
DA:36,0
DA:39,2
DA:40,2
DA:41,2
DA:42,2
DA:43,2
DA:44,2
DA:49,2
DA:50,1
DA:51,1
DA:52,1
DA:54,2
DA:55,2
DA:57,2
DA:58,2
DA:59,2
DA:61,2
DA:62,2
DA:64,0
DA:65,0
DA:69,5
LF:43
LH:38
BRDA:8,0,0,5
BRDA:8,0,1,0
BRDA:9,1,0,5
BRDA:9,1,1,5
BRDA:19,2,0,4
BRDA:19,2,1,0
BRDA:21,3,0,1
BRDA:21,3,1,3
BRDA:21,4,0,4
BRDA:21,4,1,2
BRDA:23,5,0,1
BRDA:23,5,1,2
BRDA:23,6,0,3
BRDA:23,6,1,1
BRDA:26,7,0,1
BRDA:26,7,1,1
BRDA:29,8,0,0
BRDA:29,8,1,1
BRDA:35,9,0,0
BRDA:35,9,1,0
BRDA:39,10,0,2
BRDA:39,10,1,0
BRDA:39,11,0,2
BRDA:39,11,1,0
BRDA:42,12,0,0
BRDA:42,12,1,2
BRDA:44,13,0,0
BRDA:44,13,1,2
BRDA:49,14,0,1
BRDA:49,14,1,1
BRDA:49,15,0,2
BRDA:49,15,1,1
BRDA:49,15,2,1
BRDA:52,16,0,1
BRDA:52,16,1,0
BRDA:52,17,0,1
BRDA:52,17,1,1
BRDA:54,18,0,2
BRDA:54,18,1,0
BRDA:54,19,0,2
BRDA:54,19,1,0
BRF:41
BRH:29
end_of_record
TN:
SF:routes/appointments.js
FN:9,(anonymous_0)
FN:53,(anonymous_1)
FN:70,(anonymous_2)
FN:78,(anonymous_3)
FN:78,(anonymous_4)
FN:103,(anonymous_5)
FN:119,(anonymous_6)
FN:122,(anonymous_7)
FN:154,(anonymous_8)
FN:167,(anonymous_9)
FN:170,(anonymous_10)
FN:189,(anonymous_11)
FN:193,(anonymous_12)
FN:209,(anonymous_13)
FN:215,(anonymous_14)
FN:240,(anonymous_15)
FN:261,(anonymous_16)
FN:274,(anonymous_17)
FN:283,(anonymous_18)
FN:286,(anonymous_19)
FN:299,(anonymous_20)
FN:310,(anonymous_21)
FN:313,(anonymous_22)
FNF:23
FNH:11
FNDA:2,(anonymous_0)
FNDA:1,(anonymous_1)
FNDA:1,(anonymous_2)
FNDA:1,(anonymous_3)
FNDA:1,(anonymous_4)
FNDA:1,(anonymous_5)
FNDA:0,(anonymous_6)
FNDA:1,(anonymous_7)
FNDA:0,(anonymous_8)
FNDA:0,(anonymous_9)
FNDA:0,(anonymous_10)
FNDA:0,(anonymous_11)
FNDA:0,(anonymous_12)
FNDA:0,(anonymous_13)
FNDA:0,(anonymous_14)
FNDA:0,(anonymous_15)
FNDA:0,(anonymous_16)
FNDA:1,(anonymous_17)
FNDA:2,(anonymous_18)
FNDA:0,(anonymous_19)
FNDA:1,(anonymous_20)
FNDA:1,(anonymous_21)
FNDA:0,(anonymous_22)
DA:1,5
DA:2,5
DA:3,5
DA:4,5
DA:5,5
DA:6,5
DA:9,5
DA:10,2
DA:12,2
DA:13,2
DA:14,2
DA:16,2
DA:17,0
DA:18,0
DA:20,0
DA:21,0
DA:22,0
DA:23,0
DA:25,2
DA:26,2
DA:27,2
DA:28,2
DA:31,2
DA:32,0
DA:33,0
DA:34,0
DA:37,2
DA:38,2
DA:39,2
DA:40,2
DA:42,2
DA:43,2
DA:44,2
DA:45,2
DA:47,0
DA:48,0
DA:53,5
DA:54,1
DA:55,1
DA:56,1
DA:57,1
DA:59,1
DA:70,1
DA:78,1
DA:81,1
DA:82,1
DA:83,1
DA:84,1
DA:85,0
DA:86,0
DA:87,0
DA:88,0
DA:90,0
DA:95,1
DA:97,0
DA:98,0
DA:103,5
DA:104,1
DA:105,1
DA:106,1
DA:107,1
DA:109,1
DA:110,1
DA:112,1
DA:113,1
DA:115,1
DA:116,1
DA:117,1
DA:118,1
DA:119,0
DA:121,1
DA:122,1
DA:124,1
DA:127,1
DA:128,1
DA:129,1
DA:131,1
DA:132,1
DA:135,1
DA:136,1
DA:137,1
DA:138,1
DA:140,1
DA:141,1
DA:142,1
DA:145,1
DA:147,0
DA:148,0
DA:154,5
DA:155,0
DA:156,0
DA:157,0
DA:158,0
DA:159,0
DA:160,0
DA:162,0
DA:163,0
DA:165,0
DA:166,0
DA:167,0
DA:168,0
DA:169,0
DA:170,0
DA:172,0
DA:174,0
DA:177,0
DA:178,0
DA:179,0
DA:181,0
DA:182,0
DA:185,0
DA:186,0
DA:187,0
DA:188,0
DA:189,0
DA:191,0
DA:192,0
DA:193,0
DA:195,0
DA:196,0
DA:197,0
DA:201,0
DA:203,0
DA:204,0
DA:209,5
DA:210,0
DA:211,0
DA:212,0
DA:213,0
DA:215,0
DA:217,0
DA:218,0
DA:219,0
DA:220,0
DA:221,0
DA:222,0
DA:223,0
DA:224,0
DA:226,0
DA:230,0
DA:232,0
DA:233,0
DA:240,5
DA:241,0
DA:242,0
DA:243,0
DA:244,0
DA:245,0
DA:247,0
DA:248,0
DA:249,0
DA:251,0
DA:254,0
DA:256,0
DA:257,0
DA:261,5
DA:262,0
DA:263,0
DA:264,0
DA:265,0
DA:266,0
DA:268,0
DA:269,0
DA:274,5
DA:275,1
DA:276,1
DA:277,1
DA:278,1
DA:279,1
DA:280,1
DA:281,1
DA:282,1
DA:283,2
DA:285,0
DA:286,0
DA:288,1
DA:289,1
DA:290,1
DA:291,1
DA:293,0
DA:294,0
DA:299,5
DA:300,1
DA:301,1
DA:302,1
DA:303,1
DA:304,1
DA:305,1
DA:306,1
DA:307,1
DA:308,1
DA:309,1
DA:310,1
DA:312,0
DA:313,0
DA:315,1
DA:317,1
DA:318,1
DA:319,1
DA:321,0
DA:322,0
DA:326,5
LF:202
LH:102
BRDA:14,0,0,0
BRDA:14,0,1,2
BRDA:16,1,0,0
BRDA:16,1,1,2
BRDA:17,2,0,0
BRDA:17,2,1,0
BRDA:17,3,0,0
BRDA:17,3,1,0
BRDA:17,3,2,0
BRDA:22,4,0,0
BRDA:22,4,1,0
BRDA:22,5,0,0
BRDA:22,5,1,0
BRDA:23,6,0,0
BRDA:23,6,1,0
BRDA:23,7,0,0
BRDA:23,7,1,0
BRDA:23,7,2,0
BRDA:23,7,3,0
BRDA:26,8,0,0
BRDA:26,8,1,2
BRDA:27,9,0,0
BRDA:27,9,1,2
BRDA:28,10,0,0
BRDA:28,10,1,2
BRDA:31,11,0,0
BRDA:31,11,1,2
BRDA:31,12,0,2
BRDA:31,12,1,0
BRDA:31,12,2,0
BRDA:34,13,0,0
BRDA:34,13,1,0
BRDA:34,14,0,0
BRDA:34,14,1,0
BRDA:37,15,0,2
BRDA:37,15,1,0
BRDA:37,16,0,2
BRDA:37,16,1,2
BRDA:37,16,2,2
BRDA:37,16,3,2
BRDA:40,17,0,2
BRDA:40,17,1,0
BRDA:40,18,0,2
BRDA:40,18,1,2
BRDA:42,19,0,2
BRDA:42,19,1,0
BRDA:55,20,0,0
BRDA:56,21,0,0
BRDA:56,21,1,1
BRDA:56,22,0,1
BRDA:56,22,1,1
BRDA:78,23,0,1
BRDA:78,23,1,0
BRDA:78,24,0,1
BRDA:78,24,1,1
BRDA:83,25,0,1
BRDA:83,25,1,0
BRDA:84,26,0,0
BRDA:84,26,1,1
BRDA:87,27,0,0
BRDA:87,27,1,0
BRDA:87,28,0,0
BRDA:87,28,1,0
BRDA:109,29,0,0
BRDA:109,29,1,1
BRDA:109,30,0,1
BRDA:109,30,1,0
BRDA:109,30,2,0
BRDA:110,31,0,0
BRDA:110,31,1,1
BRDA:113,32,0,0
BRDA:113,32,1,1
BRDA:116,33,0,0
BRDA:116,33,1,1
BRDA:118,34,0,0
BRDA:118,34,1,1
BRDA:119,35,0,0
BRDA:119,35,1,0
BRDA:122,36,0,1
BRDA:122,36,1,1
BRDA:124,37,0,0
BRDA:124,37,1,1
BRDA:136,38,0,1
BRDA:136,38,1,0
BRDA:138,39,0,1
BRDA:138,39,1,0
BRDA:140,40,0,1
BRDA:140,40,1,1
BRDA:140,40,2,0
BRDA:157,41,0,0
BRDA:157,41,1,0
BRDA:158,42,0,0
BRDA:158,42,1,0
BRDA:159,43,0,0
BRDA:159,43,1,0
BRDA:159,44,0,0
BRDA:159,44,1,0
BRDA:159,44,2,0
BRDA:160,45,0,0
BRDA:160,45,1,0
BRDA:163,46,0,0
BRDA:163,46,1,0
BRDA:166,47,0,0
BRDA:166,47,1,0
BRDA:167,48,0,0
BRDA:167,48,1,0
BRDA:167,48,2,0
BRDA:168,49,0,0
BRDA:168,49,1,0
BRDA:170,50,0,0
BRDA:170,50,1,0
BRDA:170,50,2,0
BRDA:174,51,0,0
BRDA:174,51,1,0
BRDA:186,52,0,0
BRDA:186,52,1,0
BRDA:188,53,0,0
BRDA:188,53,1,0
BRDA:189,54,0,0
BRDA:189,54,1,0
BRDA:191,55,0,0
BRDA:191,55,1,0
BRDA:191,56,0,0
BRDA:191,56,1,0
BRDA:193,57,0,0
BRDA:193,57,1,0
BRDA:195,58,0,0
BRDA:195,58,1,0
BRDA:213,59,0,0
BRDA:213,59,1,0
BRDA:215,60,0,0
BRDA:215,60,1,0
BRDA:215,61,0,0
BRDA:215,61,1,0
BRDA:220,62,0,0
BRDA:220,62,1,0
BRDA:223,63,0,0
BRDA:223,63,1,0
BRDA:223,64,0,0
BRDA:223,64,1,0
BRDA:242,65,0,0
BRDA:242,65,1,0
BRDA:243,66,0,0
BRDA:243,66,1,0
BRDA:245,67,0,0
BRDA:245,67,1,0
BRDA:247,68,0,0
BRDA:247,68,1,0
BRDA:247,69,0,0
BRDA:247,69,1,0
BRDA:249,70,0,0
BRDA:249,70,1,0
BRDA:254,71,0,0
BRDA:254,71,1,0
BRDA:265,72,0,0
BRDA:265,72,1,0
BRDA:266,73,0,0
BRDA:266,73,1,0
BRDA:278,74,0,0
BRDA:278,74,1,1
BRDA:278,75,0,1
BRDA:278,75,1,1
BRDA:280,76,0,0
BRDA:280,76,1,1
BRDA:282,77,0,1
BRDA:282,77,1,0
BRDA:283,78,0,2
BRDA:283,78,1,1
BRDA:286,79,0,0
BRDA:286,79,1,0
BRDA:288,80,0,0
BRDA:288,80,1,1
BRDA:300,81,0,1
BRDA:300,81,1,1
BRDA:305,82,0,0
BRDA:305,82,1,1
BRDA:305,83,0,1
BRDA:305,83,1,1
BRDA:307,84,0,0
BRDA:307,84,1,1
BRDA:309,85,0,1
BRDA:309,85,1,0
BRDA:310,86,0,1
BRDA:310,86,1,1
BRDA:313,87,0,0
BRDA:313,87,1,0
BRDA:315,88,0,0
BRDA:315,88,1,1
BRF:188
BRH:55
end_of_record
TN:
SF:routes/auth.js
FN:39,hashToken
FN:43,createRefreshTokenForUser
FN:54,(anonymous_2)
FN:61,(anonymous_3)
FN:114,(anonymous_4)
FN:117,(anonymous_5)
FN:154,(anonymous_6)
FN:203,(anonymous_7)
FN:225,(anonymous_8)
FNF:9
FNH:5
FNDA:10,hashToken
FNDA:9,createRefreshTokenForUser
FNDA:8,(anonymous_2)
FNDA:0,(anonymous_3)
FNDA:3,(anonymous_4)
FNDA:0,(anonymous_5)
FNDA:0,(anonymous_6)
FNDA:1,(anonymous_7)
FNDA:0,(anonymous_8)
DA:1,5
DA:2,5
DA:3,5
DA:4,5
DA:5,5
DA:6,5
DA:7,5
DA:8,5
DA:9,5
DA:10,5
DA:12,5
DA:14,5
DA:15,5
DA:17,5
DA:19,5
DA:28,5
DA:33,5
DA:35,5
DA:37,5
DA:40,10
DA:45,9
DA:46,9
DA:47,9
DA:48,9
DA:49,9
DA:50,9
DA:54,5
DA:55,8
DA:56,8
DA:57,0
DA:59,8
DA:60,8
DA:61,0
DA:63,0
DA:64,0
DA:65,0
DA:67,0
DA:69,8
DA:71,8
DA:72,8
DA:73,8
DA:74,8
DA:76,7
DA:77,7
DA:80,7
DA:82,7
DA:83,1
DA:84,1
DA:85,1
DA:87,7
DA:88,7
DA:91,7
DA:92,7
DA:93,7
DA:96,7
DA:99,7
DA:106,7
DA:108,0
DA:109,0
DA:114,5
DA:115,3
DA:116,3
DA:117,0
DA:119,3
DA:120,3
DA:121,3
DA:122,3
DA:124,3
DA:125,3
DA:128,2
DA:129,2
DA:131,2
DA:134,2
DA:137,2
DA:144,2
DA:146,0
DA:147,0
DA:153,5
DA:156,0
DA:157,0
DA:158,0
DA:160,0
DA:161,0
DA:165,0
DA:166,0
DA:167,0
DA:168,0
DA:169,0
DA:170,0
DA:173,0
DA:174,0
DA:177,0
DA:178,0
DA:180,0
DA:183,0
DA:190,0
DA:191,0
DA:193,0
DA:194,0
DA:201,5
DA:204,1
DA:205,1
DA:207,1
DA:208,1
DA:209,1
DA:210,1
DA:211,1
DA:212,1
DA:213,1
DA:214,1
DA:216,0
DA:217,0
DA:222,5
DA:225,5
DA:226,0
DA:227,0
DA:228,0
DA:229,0
DA:230,0
DA:231,0
DA:232,0
DA:234,0
DA:235,0
DA:236,0
DA:237,0
DA:238,0
DA:239,0
DA:240,0
DA:241,0
DA:242,0
DA:246,0
DA:247,0
DA:248,0
DA:250,0
DA:253,0
DA:255,0
DA:256,0
LF:137
LH:80
BRDA:33,0,0,5
BRDA:33,0,1,0
BRDA:35,1,0,5
BRDA:35,1,1,5
BRDA:56,2,0,0
BRDA:56,2,1,8
BRDA:60,3,0,0
BRDA:60,3,1,8
BRDA:61,4,0,0
BRDA:61,4,1,0
BRDA:61,5,0,0
BRDA:61,5,1,0
BRDA:63,6,0,0
BRDA:63,6,1,0
BRDA:63,7,0,0
BRDA:63,7,1,0
BRDA:71,8,0,8
BRDA:71,8,1,5
BRDA:74,9,0,1
BRDA:74,9,1,7
BRDA:80,10,0,7
BRDA:80,10,1,4
BRDA:82,11,0,1
BRDA:82,11,1,6
BRDA:82,12,0,7
BRDA:82,12,1,1
BRDA:82,12,2,1
BRDA:85,13,0,1
BRDA:85,13,1,0
BRDA:85,14,0,1
BRDA:85,14,1,1
BRDA:116,15,0,0
BRDA:116,15,1,3
BRDA:122,16,0,0
BRDA:122,16,1,3
BRDA:125,17,0,1
BRDA:125,17,1,2
BRDA:156,18,0,0
BRDA:156,18,1,0
BRDA:157,19,0,0
BRDA:157,19,1,0
BRDA:157,20,0,0
BRDA:157,20,1,0
BRDA:160,21,0,0
BRDA:160,21,1,0
BRDA:168,22,0,0
BRDA:168,22,1,0
BRDA:169,23,0,0
BRDA:169,23,1,0
BRDA:170,24,0,0
BRDA:170,24,1,0
BRDA:174,25,0,0
BRDA:174,25,1,0
BRDA:205,26,0,0
BRDA:205,26,1,1
BRDA:211,27,0,0
BRDA:211,27,1,1
BRDA:227,28,0,0
BRDA:227,28,1,0
BRDA:228,29,0,0
BRDA:228,29,1,0
BRDA:231,30,0,0
BRDA:231,30,1,0
BRDA:234,31,0,0
BRDA:234,31,1,0
BRDA:235,32,0,0
BRDA:235,32,1,0
BRDA:238,33,0,0
BRDA:238,33,1,0
BRDA:238,34,0,0
BRDA:238,34,1,0
BRDA:239,35,0,0
BRDA:239,35,1,0
BRDA:242,36,0,0
BRDA:242,36,1,0
BRDA:246,37,0,0
BRDA:246,37,1,0
BRDA:246,38,0,0
BRDA:246,38,1,0
BRF:79
BRH:25
end_of_record
TN:
SF:routes/dev.js
FN:5,(anonymous_0)
FN:25,(anonymous_1)
FNF:2
FNH:2
FNDA:1,(anonymous_0)
FNDA:1,(anonymous_1)
DA:1,5
DA:2,5
DA:5,5
DA:6,1
DA:7,1
DA:8,1
DA:9,1
DA:15,1
DA:16,1
DA:17,1
DA:19,0
DA:20,0
DA:25,5
DA:26,1
DA:27,1
DA:28,1
DA:29,1
DA:30,1
DA:31,1
DA:32,1
DA:33,1
DA:34,1
DA:35,1
DA:37,1
DA:38,1
DA:40,0
DA:41,0
DA:45,5
LF:28
LH:24
BRDA:6,0,0,0
BRDA:6,0,1,1
BRDA:6,1,0,1
BRDA:6,1,1,0
BRDA:10,2,0,1
BRDA:10,2,1,1
BRDA:11,3,0,1
BRDA:11,3,1,1
BRDA:12,4,0,1
BRDA:12,4,1,1
BRDA:13,5,0,1
BRDA:13,5,1,1
BRDA:15,6,0,1
BRDA:15,6,1,0
BRDA:16,7,0,1
BRDA:16,7,1,1
BRDA:19,8,0,0
BRDA:19,8,1,0
BRDA:26,9,0,0
BRDA:26,9,1,1
BRDA:26,10,0,1
BRDA:26,10,1,0
BRDA:29,11,0,1
BRDA:29,11,1,0
BRDA:30,12,0,0
BRDA:30,12,1,1
BRDA:31,13,0,1
BRDA:31,13,1,0
BRDA:31,14,0,1
BRDA:31,14,1,0
BRDA:31,15,0,1
BRDA:31,15,1,0
BRDA:32,16,0,1
BRDA:32,16,1,0
BRDA:32,17,0,1
BRDA:32,17,1,1
BRDA:32,17,2,1
BRDA:35,18,0,1
BRDA:35,18,1,0
BRDA:35,19,0,1
BRDA:35,19,1,1
BRDA:40,20,0,0
BRDA:40,20,1,0
BRF:43
BRH:27
end_of_record
TN:
SF:routes/doctors.js
FN:8,(anonymous_0)
FN:30,(anonymous_1)
FNF:2
FNH:0
FNDA:0,(anonymous_0)
FNDA:0,(anonymous_1)
DA:1,5
DA:2,5
DA:3,5
DA:4,5
DA:5,5
DA:8,5
DA:9,0
DA:10,0
DA:11,0
DA:12,0
DA:14,0
DA:22,0
DA:24,0
DA:25,0
DA:30,5
DA:31,0
DA:32,0
DA:33,0
DA:34,0
DA:35,0
DA:36,0
DA:37,0
DA:38,0
DA:40,0
DA:41,0
DA:42,0
DA:44,0
DA:45,0
DA:49,5
LF:29
LH:8
BRDA:12,0,0,0
BRDA:12,0,1,0
BRDA:20,1,0,0
BRDA:20,1,1,0
BRDA:35,2,0,0
BRDA:35,2,1,0
BRDA:36,3,0,0
BRDA:36,3,1,0
BRDA:37,4,0,0
BRDA:37,4,1,0
BRDA:37,5,0,0
BRDA:37,5,1,0
BRDA:37,5,2,0
BRDA:41,6,0,0
BRDA:41,6,1,0
BRF:15
BRH:0
end_of_record
